<?xml version="1.0" encoding="UTF-8"?>
<!-- Generated by org.testng.reporters.JUnitReportReporter -->
<testsuite hostname="1200784" failures="0" tests="2" name="test.runners.RunAndroidTests" time="98.018" errors="0" timestamp="2024-01-15T16:23:59 EET" skipped="0">
  <testcase classname="test.runners.RunAndroidTests" name="runScenario" time="42.179"/>
  <testcase classname="test.runners.RunAndroidTests" name="runScenario" time="55.839"/>
</testsuite> <!-- test.runners.RunAndroidTests -->
