<?xml version="1.0" encoding="UTF-8"?>
<!-- Generated by org.testng.reporters.JUnitReportReporter -->
<testsuite hostname="1200784" failures="0" tests="2" name="test.web.SearchAndManageTokens" time="71.395" errors="0" timestamp="2024-01-14T13:49:19 EET" skipped="0">
  <testcase classname="test.web.SearchAndManageTokens" name="testRemoveCrypto" time="26.835"/>
  <testcase classname="test.web.SearchAndManageTokens" name="testAddCrypto" time="44.560"/>
</testsuite> <!-- test.web.SearchAndManageTokens -->
