<?xml version="1.0" encoding="UTF-8"?>
<!-- Generated by org.testng.reporters.JUnitReportReporter -->
<testsuite hostname="1200784" failures="0" tests="1" name="test.android.CreateWalletTest" time="87.075" errors="0" timestamp="2024-01-13T14:11:17 EET" skipped="0">
  <testcase classname="test.android.CreateWalletTest" name="testCreateNewWallet" time="87.075"/>
</testsuite> <!-- test.android.CreateWalletTest -->
